<?xml version="1.0" encoding="UTF-8"?>
<testng-results skipped="0" failed="0" total="2" passed="2">
  <reporter-output>
  </reporter-output>
  <suite name="Default suite" duration-ms="34672" started-at="2016-08-10T19:36:18Z" finished-at="2016-08-10T19:36:53Z">
    <groups>
    </groups>
    <test name="Default test" duration-ms="34672" started-at="2016-08-10T19:36:18Z" finished-at="2016-08-10T19:36:53Z">
      <class name="testcases.LoginTest">
        <test-method status="PASS" signature="setup()[pri:0, instance:testcases.LoginTest@1ba5a14]" name="setup" is-config="true" duration-ms="25556" started-at="2016-08-11T01:06:18Z" finished-at="2016-08-11T01:06:44Z">
          <reporter-output>
          </reporter-output>
        </test-method> <!-- setup -->
        <test-method status="PASS" signature="VerifyTitle()[pri:0, instance:testcases.LoginTest@1ba5a14]" name="VerifyTitle" duration-ms="2286" started-at="2016-08-11T01:06:44Z" finished-at="2016-08-11T01:06:46Z">
          <reporter-output>
          </reporter-output>
        </test-method> <!-- VerifyTitle -->
        <test-method status="PASS" signature="teardownMethod(org.testng.ITestResult)[pri:0, instance:testcases.LoginTest@1ba5a14]" name="teardownMethod" is-config="true" duration-ms="2" started-at="2016-08-11T01:06:46Z" finished-at="2016-08-11T01:06:46Z">
          <params>
            <param index="0">
              <value>
                <![CDATA[[TestResult name=VerifyTitle status=SUCCESS method=LoginTest.VerifyTitle()[pri:0, instance:testcases.LoginTest@1ba5a14] output={null}]]]>
              </value>
            </param>
          </params>
          <reporter-output>
          </reporter-output>
        </test-method> <!-- teardownMethod -->
        <test-method status="PASS" signature="VefifySorting()[pri:0, instance:testcases.LoginTest@1ba5a14]" name="VefifySorting" duration-ms="2794" started-at="2016-08-11T01:06:46Z" finished-at="2016-08-11T01:06:49Z">
          <reporter-output>
          </reporter-output>
        </test-method> <!-- VefifySorting -->
        <test-method status="PASS" signature="teardownMethod(org.testng.ITestResult)[pri:0, instance:testcases.LoginTest@1ba5a14]" name="teardownMethod" is-config="true" duration-ms="1" started-at="2016-08-11T01:06:49Z" finished-at="2016-08-11T01:06:49Z">
          <params>
            <param index="0">
              <value>
                <![CDATA[[TestResult name=VefifySorting status=SUCCESS method=LoginTest.VefifySorting()[pri:0, instance:testcases.LoginTest@1ba5a14] output={null}]]]>
              </value>
            </param>
          </params>
          <reporter-output>
          </reporter-output>
        </test-method> <!-- teardownMethod -->
        <test-method status="PASS" signature="teardownTest()[pri:0, instance:testcases.LoginTest@1ba5a14]" name="teardownTest" is-config="true" duration-ms="3946" started-at="2016-08-11T01:06:49Z" finished-at="2016-08-11T01:06:53Z">
          <reporter-output>
          </reporter-output>
        </test-method> <!-- teardownTest -->
      </class> <!-- testcases.LoginTest -->
    </test> <!-- Default test -->
  </suite> <!-- Default suite -->
</testng-results>
